<?xml version="1.0" encoding="UTF-8"?>
<!-- Generated by org.testng.reporters.JUnitReportReporter -->
<testsuite skipped="0" hostname="MacBook-Air-de-Administrateur.local" name="com.apothuaud.selenium.google.tests.SampleTestSet" tests="10" failures="0" timestamp="16 oct. 2018 21:07:28 GMT" time="42.522" errors="0">
  <testcase name="test_search_for_anything" time="4.115" classname="com.apothuaud.selenium.google.tests.SampleTestSet"/>
  <testcase name="test_search_for_anything" time="6.069" classname="com.apothuaud.selenium.google.tests.SampleTestSet"/>
  <testcase name="test_search_for_anything" time="4.308" classname="com.apothuaud.selenium.google.tests.SampleTestSet"/>
  <testcase name="test_search_for_anything" time="3.396" classname="com.apothuaud.selenium.google.tests.SampleTestSet"/>
  <testcase name="test_search_for_anything" time="3.583" classname="com.apothuaud.selenium.google.tests.SampleTestSet"/>
  <testcase name="test_search_for_anything" time="3.622" classname="com.apothuaud.selenium.google.tests.SampleTestSet"/>
  <testcase name="test_search_for_anything" time="4.395" classname="com.apothuaud.selenium.google.tests.SampleTestSet"/>
  <testcase name="test_search_for_anything" time="4.509" classname="com.apothuaud.selenium.google.tests.SampleTestSet"/>
  <testcase name="test_search_for_anything" time="3.767" classname="com.apothuaud.selenium.google.tests.SampleTestSet"/>
  <testcase name="test_search_for_anything" time="4.758" classname="com.apothuaud.selenium.google.tests.SampleTestSet"/>
</testsuite> <!-- com.apothuaud.selenium.google.tests.SampleTestSet -->
